TN:
SF:C:\Users\bardiles\Documents\complete-intro-to-react\js\search.jsx
FN:8,getInitialState
FN:8,render
FNF:2
FNH:0
FNDA:0,getInitialState
FNDA:0,render
LF:0
LH:0
BRF:0
BRH:0
end_of_record
TN:
SF:C:\Users\bardiles\Documents\complete-intro-to-react\js\showCard.jsx
FNF:0
FNH:0
LF:0
LH:0
BRF:0
BRH:0
end_of_record
TN:
SF:C:\Users\bardiles\Documents\complete-intro-to-react\js\header.jsx
FN:6,handleSearchTermEvent
FN:6,render
FNF:2
FNH:0
FNDA:0,handleSearchTermEvent
FNDA:0,render
DA:20,0
LF:1
LH:0
BRDA:20,1,0,0
BRDA:20,1,1,0
BRF:2
BRH:0
end_of_record
TN:
SF:C:\Users\bardiles\Documents\complete-intro-to-react\js\store.jsx
FN:10,rootReducer
FN:19,reduceSearchTerm
FN:30,mapStateToProps
FN:36,mapDispatchToProps
FN:38,setSearchTerm
FNF:5
FNH:2
FNDA:3,rootReducer
FNDA:1,reduceSearchTerm
FNDA:0,mapStateToProps
FNDA:0,mapDispatchToProps
FNDA:0,setSearchTerm
LF:0
LH:0
BRDA:10,1,0,2
BRDA:10,1,1,1
BRDA:10,2,0,3
BRDA:10,2,1,3
BRDA:12,3,0,1
BRDA:12,3,1,2
BRDA:27,4,0,0
BRDA:27,4,1,1
BRDA:27,5,0,1
BRDA:27,5,1,1
BRDA:27,6,0,0
BRDA:27,6,1,1
BRF:12
BRH:10
end_of_record
